Flow report for kotku
Tue Apr  7 14:27:32 2015
Quartus II 64-Bit Version 13.1.0 Build 162 10/23/2013 SJ Web Edition


---------------------
; Table of Contents ;
---------------------
  1. Legal Notice
  2. Flow Summary
  3. Flow Settings
  4. Flow Non-Default Global Settings
  5. Flow Elapsed Time
  6. Flow OS Summary
  7. Flow Log
  8. Flow Messages
  9. Flow Suppressed Messages



----------------
; Legal Notice ;
----------------
Copyright (C) 1991-2013 Altera Corporation
Your use of Altera Corporation's design tools, logic functions 
and other software and tools, and its AMPP partner logic 
functions, and any output files from any of the foregoing 
(including device programming or simulation files), and any 
associated documentation or information are expressly subject 
to the terms and conditions of the Altera Program License 
Subscription Agreement, Altera MegaCore Function License 
Agreement, or other applicable license agreement, including, 
without limitation, that your use is for the sole purpose of 
programming logic devices manufactured by Altera and sold by 
Altera or its authorized distributors.  Please refer to the 
applicable agreement for further details.



+---------------------------------------------------------------------------------+
; Flow Summary                                                                    ;
+------------------------------------+--------------------------------------------+
; Flow Status                        ; Successful - Tue Apr  7 14:27:20 2015      ;
; Quartus II 64-Bit Version          ; 13.1.0 Build 162 10/23/2013 SJ Web Edition ;
; Revision Name                      ; kotku                                      ;
; Top-level Entity Name              ; kotku                                      ;
; Family                             ; Cyclone III                                ;
; Device                             ; EP3C16F484C6                               ;
; Timing Models                      ; Final                                      ;
; Total logic elements               ; 10,623 / 15,408 ( 69 % )                   ;
;     Total combinational functions  ; 9,706 / 15,408 ( 63 % )                    ;
;     Dedicated logic registers      ; 3,621 / 15,408 ( 24 % )                    ;
; Total registers                    ; 3645                                       ;
; Total pins                         ; 154 / 347 ( 44 % )                         ;
; Total virtual pins                 ; 0                                          ;
; Total memory bits                  ; 54,835 / 516,096 ( 11 % )                  ;
; Embedded Multiplier 9-bit elements ; 2 / 112 ( 2 % )                            ;
; Total PLLs                         ; 1 / 4 ( 25 % )                             ;
+------------------------------------+--------------------------------------------+


+-----------------------------------------+
; Flow Settings                           ;
+-------------------+---------------------+
; Option            ; Setting             ;
+-------------------+---------------------+
; Start date & time ; 04/07/2015 14:25:15 ;
; Main task         ; Compilation         ;
; Revision Name     ; kotku               ;
+-------------------+---------------------+


+-----------------------------------------------------------------------------------------------------------------------------------------+
; Flow Non-Default Global Settings                                                                                                        ;
+-----------------------------------------+------------------------------------------------+---------------+-------------+----------------+
; Assignment Name                         ; Value                                          ; Default Value ; Entity Name ; Section Id     ;
+-----------------------------------------+------------------------------------------------+---------------+-------------+----------------+
; ADD_PASS_THROUGH_LOGIC_TO_INFERRED_RAMS ; Off                                            ; On            ; --          ; --             ;
; COMPILER_SIGNATURE_ID                   ; 176831337247365.142838791525749                ; --            ; --          ; --             ;
; EDA_OUTPUT_DATA_FORMAT                  ; None                                           ; --            ; --          ; eda_simulation ;
; EDA_TIME_SCALE                          ; 1 ps                                           ; --            ; --          ; eda_simulation ;
; ENABLE_ADVANCED_IO_TIMING               ; On                                             ; --            ; --          ; --             ;
; ENABLE_CLOCK_LATENCY                    ; On                                             ; Off           ; --          ; --             ;
; ENABLE_SIGNALTAP                        ; Off                                            ; --            ; --          ; --             ;
; MAX_CORE_JUNCTION_TEMP                  ; 85                                             ; --            ; --          ; --             ;
; MIN_CORE_JUNCTION_TEMP                  ; 0                                              ; --            ; --          ; --             ;
; MISC_FILE                               ; /home/zeus/zet/boards/altera-de0/syn/kotku.dpf ; --            ; --          ; --             ;
; PARTITION_COLOR                         ; 16764057                                       ; --            ; --          ; Top            ;
; PARTITION_FITTER_PRESERVATION_LEVEL     ; PLACEMENT                                      ; --            ; --          ; Top            ;
; PARTITION_NETLIST_TYPE                  ; SOURCE                                         ; --            ; --          ; Top            ;
; USE_GENERATED_PHYSICAL_CONSTRAINTS      ; Off                                            ; --            ; --          ; eda_blast_fpga ;
+-----------------------------------------+------------------------------------------------+---------------+-------------+----------------+


+-------------------------------------------------------------------------------------------------------------------------------+
; Flow Elapsed Time                                                                                                             ;
+---------------------------+--------------+-------------------------+---------------------+------------------------------------+
; Module Name               ; Elapsed Time ; Average Processors Used ; Peak Virtual Memory ; Total CPU Time (on all processors) ;
+---------------------------+--------------+-------------------------+---------------------+------------------------------------+
; Analysis & Synthesis      ; 00:00:53     ; 1.0                     ; 813 MB              ; 00:00:52                           ;
; Fitter                    ; 00:00:56     ; 1.6                     ; 1244 MB             ; 00:01:25                           ;
; Assembler                 ; 00:00:02     ; 1.0                     ; 659 MB              ; 00:00:02                           ;
; TimeQuest Timing Analyzer ; 00:00:07     ; 1.6                     ; 901 MB              ; 00:00:09                           ;
; Total                     ; 00:01:58     ; --                      ; --                  ; 00:02:28                           ;
+---------------------------+--------------+-------------------------+---------------------+------------------------------------+


+---------------------------------------------------------------------------------------------+
; Flow OS Summary                                                                             ;
+---------------------------+------------------+----------------+------------+----------------+
; Module Name               ; Machine Hostname ; OS Name        ; OS Version ; Processor type ;
+---------------------------+------------------+----------------+------------+----------------+
; Analysis & Synthesis      ; corelab          ; Ubuntu 14.04.2 ; 14         ; x86_64         ;
; Fitter                    ; corelab          ; Ubuntu 14.04.2 ; 14         ; x86_64         ;
; Assembler                 ; corelab          ; Ubuntu 14.04.2 ; 14         ; x86_64         ;
; TimeQuest Timing Analyzer ; corelab          ; Ubuntu 14.04.2 ; 14         ; x86_64         ;
+---------------------------+------------------+----------------+------------+----------------+


------------
; Flow Log ;
------------
quartus_map --read_settings_files=on --write_settings_files=off kotku -c kotku
quartus_fit --read_settings_files=off --write_settings_files=off kotku -c kotku
quartus_asm --read_settings_files=off --write_settings_files=off kotku -c kotku
quartus_sta kotku -c kotku



